2014-11-10 17:53:41,259 - [INFO] - from play in pool-35-thread-1 
Listening for HTTP on /0:0:0:0:0:0:0:0:9000

2014-11-10 17:58:22,101 - [INFO] - from play in play-internal-execution-context-1 
database [default] connected at jdbc:mysql://localhost/blogofprime

2014-11-10 17:58:22,894 - [INFO] - from play in play-internal-execution-context-1 
Application started (Dev)

2014-11-10 18:02:07,260 - [INFO] - from play in play-internal-execution-context-1 
database [default] connected at jdbc:mysql://localhost/blogofprime

2014-11-10 18:02:07,367 - [INFO] - from play in play-internal-execution-context-1 
Application started (Dev)

2014-11-10 18:04:19,376 - [INFO] - from play in play-internal-execution-context-1 
database [default] connected at jdbc:mysql://localhost/blogofprime

2014-11-10 18:04:19,437 - [INFO] - from play in play-internal-execution-context-1 
Application started (Dev)

2014-11-10 18:11:33,320 - [INFO] - from play in play-internal-execution-context-1 
database [default] connected at jdbc:mysql://localhost/blogofprime

2014-11-10 18:11:33,368 - [INFO] - from play in play-internal-execution-context-1 
Application started (Dev)

2014-11-10 18:15:40,677 - [INFO] - from play in play-internal-execution-context-4 
database [default] connected at jdbc:mysql://localhost/blogofprime

2014-11-10 18:15:40,739 - [INFO] - from play in play-internal-execution-context-4 
Application started (Dev)

2014-11-10 18:16:13,918 - [INFO] - from play in play-internal-execution-context-5 
database [default] connected at jdbc:mysql://localhost/blogofprime

2014-11-10 18:16:13,983 - [INFO] - from play in play-internal-execution-context-5 
Application started (Dev)

2014-11-10 18:16:26,929 - [INFO] - from play in play-internal-execution-context-5 
database [default] connected at jdbc:mysql://localhost/blogofprime

2014-11-10 18:16:26,982 - [INFO] - from play in play-internal-execution-context-5 
Application started (Dev)

2014-11-10 18:16:46,869 - [INFO] - from play in play-internal-execution-context-7 
database [default] connected at jdbc:mysql://localhost/blogofprime

2014-11-10 18:16:46,928 - [INFO] - from play in play-internal-execution-context-7 
Application started (Dev)

2014-11-10 18:17:36,971 - [INFO] - from play in play-internal-execution-context-7 
database [default] connected at jdbc:mysql://localhost/blogofprime

2014-11-10 18:17:37,027 - [INFO] - from play in play-internal-execution-context-7 
Application started (Dev)

2014-11-10 18:18:58,446 - [INFO] - from play in play-internal-execution-context-8 
database [default] connected at jdbc:mysql://localhost/blogofprime

2014-11-10 18:18:58,516 - [INFO] - from play in play-internal-execution-context-8 
Application started (Dev)

2014-11-10 18:34:17,856 - [INFO] - from play in play-internal-execution-context-9 
database [default] connected at jdbc:mysql://localhost/blogofprime

2014-11-10 18:34:17,909 - [INFO] - from play in play-internal-execution-context-9 
Application started (Dev)

2014-11-10 18:35:22,183 - [INFO] - from play in play-internal-execution-context-10 
database [default] connected at jdbc:mysql://localhost/blogofprime

2014-11-10 18:35:22,244 - [INFO] - from play in play-internal-execution-context-10 
Application started (Dev)

2014-11-10 18:36:21,933 - [INFO] - from play in play-internal-execution-context-10 
database [default] connected at jdbc:mysql://localhost/blogofprime

2014-11-10 18:36:22,006 - [INFO] - from play in play-internal-execution-context-10 
Application started (Dev)

2014-11-10 18:38:23,248 - [INFO] - from play in play-internal-execution-context-12 
database [default] connected at jdbc:mysql://localhost/blogofprime

2014-11-10 18:38:23,306 - [INFO] - from play in play-internal-execution-context-12 
Application started (Dev)

2014-11-10 18:39:08,250 - [INFO] - from play in play-internal-execution-context-12 
database [default] connected at jdbc:mysql://localhost/blogofprime

2014-11-10 18:39:08,300 - [INFO] - from play in play-internal-execution-context-12 
Application started (Dev)

2014-11-10 18:39:36,744 - [INFO] - from play in play-internal-execution-context-14 
database [default] connected at jdbc:mysql://localhost/blogofprime

2014-11-10 18:39:36,789 - [INFO] - from play in play-internal-execution-context-14 
Application started (Dev)

2014-11-10 18:40:35,702 - [INFO] - from play in play-internal-execution-context-14 
database [default] connected at jdbc:mysql://localhost/blogofprime

2014-11-10 18:40:35,741 - [INFO] - from play in play-internal-execution-context-14 
Application started (Dev)

2014-11-10 18:42:34,332 - [INFO] - from play in play-internal-execution-context-14 
database [default] connected at jdbc:mysql://localhost/blogofprime

2014-11-10 18:42:34,381 - [INFO] - from play in play-internal-execution-context-14 
Application started (Dev)

2014-11-10 18:43:13,268 - [INFO] - from play in play-internal-execution-context-17 
database [default] connected at jdbc:mysql://localhost/blogofprime

2014-11-10 18:43:13,339 - [INFO] - from play in play-internal-execution-context-17 
Application started (Dev)

2014-11-10 18:43:32,643 - [INFO] - from play in play-internal-execution-context-17 
database [default] connected at jdbc:mysql://localhost/blogofprime

2014-11-10 18:43:32,686 - [INFO] - from play in play-internal-execution-context-17 
Application started (Dev)

2014-11-10 19:07:43,145 - [INFO] - from play in play-internal-execution-context-17 
database [default] connected at jdbc:mysql://localhost/blogofprime

2014-11-10 19:07:43,198 - [INFO] - from play in play-internal-execution-context-17 
Application started (Dev)

2014-11-10 19:08:58,380 - [INFO] - from play in play-internal-execution-context-17 
database [default] connected at jdbc:mysql://localhost/blogofprime

2014-11-10 19:08:58,431 - [INFO] - from play in play-internal-execution-context-17 
Application started (Dev)

2014-11-10 19:10:45,950 - [INFO] - from play in play-internal-execution-context-17 
database [default] connected at jdbc:mysql://localhost/blogofprime

2014-11-10 19:10:45,990 - [INFO] - from play in play-internal-execution-context-17 
Application started (Dev)

2014-11-10 19:13:35,640 - [INFO] - from play in play-internal-execution-context-17 
database [default] connected at jdbc:mysql://localhost/blogofprime

2014-11-10 19:13:35,682 - [INFO] - from play in play-internal-execution-context-17 
Application started (Dev)

2014-11-10 19:21:29,152 - [INFO] - from play in play-internal-execution-context-22 
database [default] connected at jdbc:mysql://localhost/blogofprime

2014-11-10 19:21:29,211 - [INFO] - from play in play-internal-execution-context-22 
Application started (Dev)

2014-11-10 19:24:06,358 - [INFO] - from play in play-internal-execution-context-22 
database [default] connected at jdbc:mysql://localhost/blogofprime

2014-11-10 19:24:06,401 - [INFO] - from play in play-internal-execution-context-22 
Application started (Dev)

